This is pdfTeX, Version 3.14159265-2.6-1.40.17 (TeX Live 2016/Debian) (preloaded format=pdflatex 2019.4.15)  11 MAY 2023 10:07
entering extended mode
 restricted \write18 enabled.
 file:line:error style messages enabled.
 %&-line parsing enabled.
**main.tex
(./main.tex
LaTeX2e <2017/01/01> patch level 3
Babel <3.9r> and hyphenation patterns for 83 language(s) loaded.
(/usr/share/texlive/texmf-dist/tex/latex/base/article.cls
Document Class: article 2014/09/29 v1.4h Standard LaTeX document class
(/usr/share/texlive/texmf-dist/tex/latex/base/size12.clo
File: size12.clo 2014/09/29 v1.4h Standard LaTeX file (size option)
)
\c@part=\count79
\c@section=\count80
\c@subsection=\count81
\c@subsubsection=\count82
\c@paragraph=\count83
\c@subparagraph=\count84
\c@figure=\count85
\c@table=\count86
\abovecaptionskip=\skip41
\belowcaptionskip=\skip42
\bibindent=\dimen102
)
(/usr/share/texlive/texmf-dist/tex/latex/hyperref/hyperref.sty
Package: hyperref 2016/06/24 v6.83q Hypertext links for LaTeX

(/usr/share/texlive/texmf-dist/tex/generic/oberdiek/hobsub-hyperref.sty
Package: hobsub-hyperref 2016/05/16 v1.14 Bundle oberdiek, subset hyperref (HO)


(/usr/share/texlive/texmf-dist/tex/generic/oberdiek/hobsub-generic.sty
Package: hobsub-generic 2016/05/16 v1.14 Bundle oberdiek, subset generic (HO)
Package: hobsub 2016/05/16 v1.14 Construct package bundles (HO)
Package: infwarerr 2016/05/16 v1.4 Providing info/warning/error messages (HO)
Package: ltxcmds 2016/05/16 v1.23 LaTeX kernel commands for general use (HO)
Package: ifluatex 2016/05/16 v1.4 Provides the ifluatex switch (HO)
Package ifluatex Info: LuaTeX not detected.
Package: ifvtex 2016/05/16 v1.6 Detect VTeX and its facilities (HO)
Package ifvtex Info: VTeX not detected.
Package: intcalc 2016/05/16 v1.2 Expandable calculations with integers (HO)
Package: ifpdf 2016/05/14 v3.1 Provides the ifpdf switch
Package: etexcmds 2016/05/16 v1.6 Avoid name clashes with e-TeX commands (HO)
Package etexcmds Info: Could not find \expanded.
(etexcmds)             That can mean that you are not using pdfTeX 1.50 or
(etexcmds)             that some package has redefined \expanded.
(etexcmds)             In the latter case, load this package earlier.
Package: kvsetkeys 2016/05/16 v1.17 Key value parser (HO)
Package: kvdefinekeys 2016/05/16 v1.4 Define keys (HO)
Package: pdftexcmds 2016/05/21 v0.22 Utility functions of pdfTeX for LuaTeX (HO
)
Package pdftexcmds Info: LuaTeX not detected.
Package pdftexcmds Info: \pdf@primitive is available.
Package pdftexcmds Info: \pdf@ifprimitive is available.
Package pdftexcmds Info: \pdfdraftmode found.
Package: pdfescape 2016/05/16 v1.14 Implements pdfTeX's escape features (HO)
Package: bigintcalc 2016/05/16 v1.4 Expandable calculations on big integers (HO
)
Package: bitset 2016/05/16 v1.2 Handle bit-vector datatype (HO)
Package: uniquecounter 2016/05/16 v1.3 Provide unlimited unique counter (HO)
)
Package hobsub Info: Skipping package `hobsub' (already loaded).
Package: letltxmacro 2016/05/16 v1.5 Let assignment for LaTeX macros (HO)
Package: hopatch 2016/05/16 v1.3 Wrapper for package hooks (HO)
Package: xcolor-patch 2016/05/16 xcolor patch
Package: atveryend 2016/05/16 v1.9 Hooks at the very end of document (HO)
Package atveryend Info: \enddocument detected (standard20110627).
Package: atbegshi 2016/06/09 v1.18 At begin shipout hook (HO)
Package: refcount 2016/05/16 v3.5 Data extraction from label references (HO)
Package: hycolor 2016/05/16 v1.8 Color options for hyperref/bookmark (HO)
)
(/usr/share/texlive/texmf-dist/tex/latex/graphics/keyval.sty
Package: keyval 2014/10/28 v1.15 key=value parser (DPC)
\KV@toks@=\toks14
)
(/usr/share/texlive/texmf-dist/tex/generic/ifxetex/ifxetex.sty
Package: ifxetex 2010/09/12 v0.6 Provides ifxetex conditional
)
(/usr/share/texlive/texmf-dist/tex/latex/oberdiek/auxhook.sty
Package: auxhook 2016/05/16 v1.4 Hooks for auxiliary files (HO)
)
(/usr/share/texlive/texmf-dist/tex/latex/oberdiek/kvoptions.sty
Package: kvoptions 2016/05/16 v3.12 Key value format for package options (HO)
)
\@linkdim=\dimen103
\Hy@linkcounter=\count87
\Hy@pagecounter=\count88

(/usr/share/texlive/texmf-dist/tex/latex/hyperref/pd1enc.def
File: pd1enc.def 2016/06/24 v6.83q Hyperref: PDFDocEncoding definition (HO)
)
\Hy@SavedSpaceFactor=\count89

(/usr/share/texlive/texmf-dist/tex/latex/latexconfig/hyperref.cfg
File: hyperref.cfg 2002/06/06 v1.2 hyperref configuration of TeXLive
)
Package hyperref Info: Hyper figures OFF on input line 4486.
Package hyperref Info: Link nesting OFF on input line 4491.
Package hyperref Info: Hyper index ON on input line 4494.
Package hyperref Info: Plain pages OFF on input line 4501.
Package hyperref Info: Backreferencing OFF on input line 4506.
Package hyperref Info: Implicit mode ON; LaTeX internals redefined.
Package hyperref Info: Bookmarks ON on input line 4735.
\c@Hy@tempcnt=\count90

(/usr/share/texlive/texmf-dist/tex/latex/url/url.sty
\Urlmuskip=\muskip10
Package: url 2013/09/16  ver 3.4  Verb mode for urls, etc.
)
LaTeX Info: Redefining \url on input line 5088.
\XeTeXLinkMargin=\dimen104
\Fld@menulength=\count91
\Field@Width=\dimen105
\Fld@charsize=\dimen106
Package hyperref Info: Hyper figures OFF on input line 6342.
Package hyperref Info: Link nesting OFF on input line 6347.
Package hyperref Info: Hyper index ON on input line 6350.
Package hyperref Info: backreferencing OFF on input line 6357.
Package hyperref Info: Link coloring OFF on input line 6362.
Package hyperref Info: Link coloring with OCG OFF on input line 6367.
Package hyperref Info: PDF/A mode OFF on input line 6372.
LaTeX Info: Redefining \ref on input line 6412.
LaTeX Info: Redefining \pageref on input line 6416.
\Hy@abspage=\count92
\c@Item=\count93
\c@Hfootnote=\count94
)

Package hyperref Message: Driver (autodetected): hpdftex.

(/usr/share/texlive/texmf-dist/tex/latex/hyperref/hpdftex.def
File: hpdftex.def 2016/06/24 v6.83q Hyperref driver for pdfTeX
\Fld@listcount=\count95
\c@bookmark@seq@number=\count96

(/usr/share/texlive/texmf-dist/tex/latex/oberdiek/rerunfilecheck.sty
Package: rerunfilecheck 2016/05/16 v1.8 Rerun checks for auxiliary files (HO)
Package uniquecounter Info: New unique counter `rerunfilecheck' on input line 2
82.
)
\Hy@SectionHShift=\skip43
)
Package hyperref Info: Option `colorlinks' set `true' on input line 11.

(/usr/share/texlive/texmf-dist/tex/latex/graphics/graphicx.sty
Package: graphicx 2014/10/28 v1.0g Enhanced LaTeX Graphics (DPC,SPQR)

(/usr/share/texlive/texmf-dist/tex/latex/graphics/graphics.sty
Package: graphics 2016/10/09 v1.0u Standard LaTeX Graphics (DPC,SPQR)

(/usr/share/texlive/texmf-dist/tex/latex/graphics/trig.sty
Package: trig 2016/01/03 v1.10 sin cos tan (DPC)
)
(/usr/share/texlive/texmf-dist/tex/latex/graphics-cfg/graphics.cfg
File: graphics.cfg 2016/06/04 v1.11 sample graphics configuration
)
Package graphics Info: Driver file: pdftex.def on input line 99.

(/usr/share/texlive/texmf-dist/tex/latex/graphics-def/pdftex.def
File: pdftex.def 2017/01/12 v0.06k Graphics/color for pdfTeX
\Gread@gobject=\count97
))
\Gin@req@height=\dimen107
\Gin@req@width=\dimen108
)
(/usr/share/texlive/texmf-dist/tex/latex/tools/afterpage.sty
Package: afterpage 2014/10/28 v1.08 After-Page Package (DPC)
\AP@output=\toks15
\AP@partial=\box26
\AP@footins=\box27
) (out/main.aux

LaTeX Warning: Label `fig:linear_svm' multiply defined.


LaTeX Warning: Label `fig:random_forest' multiply defined.

)
\openout1 = `main.aux'.

LaTeX Font Info:    Checking defaults for OML/cmm/m/it on input line 39.
LaTeX Font Info:    ... okay on input line 39.
LaTeX Font Info:    Checking defaults for T1/cmr/m/n on input line 39.
LaTeX Font Info:    ... okay on input line 39.
LaTeX Font Info:    Checking defaults for OT1/cmr/m/n on input line 39.
LaTeX Font Info:    ... okay on input line 39.
LaTeX Font Info:    Checking defaults for OMS/cmsy/m/n on input line 39.
LaTeX Font Info:    ... okay on input line 39.
LaTeX Font Info:    Checking defaults for OMX/cmex/m/n on input line 39.
LaTeX Font Info:    ... okay on input line 39.
LaTeX Font Info:    Checking defaults for U/cmr/m/n on input line 39.
LaTeX Font Info:    ... okay on input line 39.
LaTeX Font Info:    Checking defaults for PD1/pdf/m/n on input line 39.
LaTeX Font Info:    ... okay on input line 39.
\AtBeginShipoutBox=\box28
 (/usr/share/texlive/texmf-dist/tex/latex/graphics/color.sty
Package: color 2016/07/10 v1.1e Standard LaTeX Color (DPC)

(/usr/share/texlive/texmf-dist/tex/latex/graphics-cfg/color.cfg
File: color.cfg 2016/01/02 v1.6 sample color configuration
)
Package color Info: Driver file: pdftex.def on input line 147.
)
Package hyperref Info: Link coloring ON on input line 39.

(/usr/share/texlive/texmf-dist/tex/latex/hyperref/nameref.sty
Package: nameref 2016/05/21 v2.44 Cross-referencing by name of section

(/usr/share/texlive/texmf-dist/tex/generic/oberdiek/gettitlestring.sty
Package: gettitlestring 2016/05/16 v1.5 Cleanup title references (HO)
)
\c@section@level=\count98
)
LaTeX Info: Redefining \ref on input line 39.
LaTeX Info: Redefining \pageref on input line 39.
LaTeX Info: Redefining \nameref on input line 39.

(out/main.out) (out/main.out)
\@outlinefile=\write3
\openout3 = `main.out'.


(/usr/share/texlive/texmf-dist/tex/context/base/mkii/supp-pdf.mkii
[Loading MPS to PDF converter (version 2006.09.02).]
\scratchcounter=\count99
\scratchdimen=\dimen109
\scratchbox=\box29
\nofMPsegments=\count100
\nofMParguments=\count101
\everyMPshowfont=\toks16
\MPscratchCnt=\count102
\MPscratchDim=\dimen110
\MPnumerator=\count103
\makeMPintoPDFobject=\count104
\everyMPtoPDFconversion=\toks17
) (/usr/share/texlive/texmf-dist/tex/latex/oberdiek/epstopdf-base.sty
Package: epstopdf-base 2016/05/15 v2.6 Base part for package epstopdf

(/usr/share/texlive/texmf-dist/tex/latex/oberdiek/grfext.sty
Package: grfext 2016/05/16 v1.2 Manage graphics extensions (HO)
)
Package epstopdf-base Info: Redefining graphics rule for `.eps' on input line 4
38.
Package grfext Info: Graphics extension search list:
(grfext)             [.png,.pdf,.jpg,.mps,.jpeg,.jbig2,.jb2,.PNG,.PDF,.JPG,.JPE
G,.JBIG2,.JB2,.eps]
(grfext)             \AppendGraphicsExtensions on input line 456.

(/usr/share/texlive/texmf-dist/tex/latex/latexconfig/epstopdf-sys.cfg
File: epstopdf-sys.cfg 2010/07/13 v1.3 Configuration of (r)epstopdf for TeX Liv
e
))
LaTeX Font Info:    External font `cmex10' loaded for size
(Font)              <12> on input line 64.
LaTeX Font Info:    External font `cmex10' loaded for size
(Font)              <8> on input line 64.
LaTeX Font Info:    External font `cmex10' loaded for size
(Font)              <6> on input line 64.

[1

{/var/lib/texmf/fonts/map/pdftex/updmap/pdftex.map}]
./main.tex:90: Undefined control sequence.
<argument> \text 
                 {high} - \text {low}
l.90 ...h} - \text{low}}{\text{high} + \text{low}}
                                                  
The control sequence at the end of the top line
of your error message was never \def'ed. If you have
misspelled it (e.g., `\hobx'), type `I' and the correct
spelling (e.g., `I\hbox'). Otherwise just continue,
and I'll forget about whatever was undefined.

./main.tex:90: Undefined control sequence.
<argument> \text {high} - \text 
                                {low}
l.90 ...h} - \text{low}}{\text{high} + \text{low}}
                                                  
The control sequence at the end of the top line
of your error message was never \def'ed. If you have
misspelled it (e.g., `\hobx'), type `I' and the correct
spelling (e.g., `I\hbox'). Otherwise just continue,
and I'll forget about whatever was undefined.

./main.tex:90: Undefined control sequence.
<argument> \text 
                 {high} + \text {low}
l.90 ...h} - \text{low}}{\text{high} + \text{low}}
                                                  
The control sequence at the end of the top line
of your error message was never \def'ed. If you have
misspelled it (e.g., `\hobx'), type `I' and the correct
spelling (e.g., `I\hbox'). Otherwise just continue,
and I'll forget about whatever was undefined.

./main.tex:90: Undefined control sequence.
<argument> \text {high} + \text 
                                {low}
l.90 ...h} - \text{low}}{\text{high} + \text{low}}
                                                  
The control sequence at the end of the top line
of your error message was never \def'ed. If you have
misspelled it (e.g., `\hobx'), type `I' and the correct
spelling (e.g., `I\hbox'). Otherwise just continue,
and I'll forget about whatever was undefined.

./main.tex:98: Undefined control sequence.
l.98     \text
              {price}_{t+1} - \text{price}_t > 0
The control sequence at the end of the top line
of your error message was never \def'ed. If you have
misspelled it (e.g., `\hobx'), type `I' and the correct
spelling (e.g., `I\hbox'). Otherwise just continue,
and I'll forget about whatever was undefined.

./main.tex:98: Undefined control sequence.
l.98     \text{price}_{t+1} - \text
                                   {price}_t > 0
The control sequence at the end of the top line
of your error message was never \def'ed. If you have
misspelled it (e.g., `\hobx'), type `I' and the correct
spelling (e.g., `I\hbox'). Otherwise just continue,
and I'll forget about whatever was undefined.

<./images/linear_svm_class.png, id=32, 583.17876pt x 443.6575pt>
File: ./images/linear_svm_class.png Graphic file (type png)

<use ./images/linear_svm_class.png>
Package pdftex.def Info: ./images/linear_svm_class.png used on input line 111.
(pdftex.def)             Requested size: 132.30666pt x 100.65129pt.

<./images/poly_svm_class.png, id=34, 583.17876pt x 443.6575pt>
File: ./images/poly_svm_class.png Graphic file (type png)

<use ./images/poly_svm_class.png>
Package pdftex.def Info: ./images/poly_svm_class.png used on input line 112.
(pdftex.def)             Requested size: 132.30666pt x 100.65129pt.

<./images/rbf_svm_class.png, id=35, 583.17876pt x 443.6575pt>
File: ./images/rbf_svm_class.png Graphic file (type png)

<use ./images/rbf_svm_class.png>
Package pdftex.def Info: ./images/rbf_svm_class.png used on input line 113.
(pdftex.def)             Requested size: 132.30666pt x 100.65129pt.

<./images/rf_500_class.png, id=36, 666.49pt x 392.46625pt>
File: ./images/rf_500_class.png Graphic file (type png)

<use ./images/rf_500_class.png>
Package pdftex.def Info: ./images/rf_500_class.png used on input line 124.
(pdftex.def)             Requested size: 132.30666pt x 77.90497pt.

<./images/rf_1000_class.png, id=37, 666.49pt x 392.46625pt>
File: ./images/rf_1000_class.png Graphic file (type png)

<use ./images/rf_1000_class.png>
Package pdftex.def Info: ./images/rf_1000_class.png used on input line 125.
(pdftex.def)             Requested size: 132.30666pt x 77.90497pt.

<./images/rf_2000_class.png, id=38, 666.49pt x 392.46625pt>
File: ./images/rf_2000_class.png Graphic file (type png)

<use ./images/rf_2000_class.png>
Package pdftex.def Info: ./images/rf_2000_class.png used on input line 126.
(pdftex.def)             Requested size: 132.30666pt x 77.90497pt.


LaTeX Warning: `h' float specifier changed to `ht'.


LaTeX Warning: File `kernel_0.1' not found on input line 142.


./main.tex:142: LaTeX Error: Unknown graphics extension: .1.

See the LaTeX manual or LaTeX Companion for explanation.
Type  H <return>  for immediate help.
 ...                                              
                                                  
l.142 ...raphics[width=0.45\textwidth]{kernel_0.1}
                                                  
Try typing  <return>  to proceed.
If that doesn't work, type  X <return>  to quit.

<./images/kernel_1.png, id=39, 634.37pt x 393.47pt>
File: ./images/kernel_1.png Graphic file (type png)

<use ./images/kernel_1.png>
Package pdftex.def Info: ./images/kernel_1.png used on input line 143.
(pdftex.def)             Requested size: 198.45662pt x 123.09114pt.

<./images/kernel_10.png, id=40, 634.37pt x 393.47pt>
File: ./images/kernel_10.png Graphic file (type png)

<use ./images/kernel_10.png>
Package pdftex.def Info: ./images/kernel_10.png used on input line 144.
(pdftex.def)             Requested size: 198.45662pt x 123.09114pt.

<./images/kernel_100.png, id=41, 634.37pt x 393.47pt>
File: ./images/kernel_100.png Graphic file (type png)

<use ./images/kernel_100.png>
Package pdftex.def Info: ./images/kernel_100.png used on input line 145.
(pdftex.def)             Requested size: 198.45662pt x 123.09114pt.
 [2 <./images/linear_svm_class.png> <./images/poly_svm_class.png> <./images/rbf
_svm_class.png>]
<./images/svm_linear.png, id=58, 577.15625pt x 443.6575pt>
File: ./images/svm_linear.png Graphic file (type png)

<use ./images/svm_linear.png>
Package pdftex.def Info: ./images/svm_linear.png used on input line 156.
(pdftex.def)             Requested size: 132.30666pt x 101.70059pt.

<./images/svm_poly.png, id=59, 577.15625pt x 443.6575pt>
File: ./images/svm_poly.png Graphic file (type png)

<use ./images/svm_poly.png>
Package pdftex.def Info: ./images/svm_poly.png used on input line 157.
(pdftex.def)             Requested size: 132.30666pt x 101.70059pt.

<./images/svm_rbf.png, id=60, 577.15625pt x 443.6575pt>
File: ./images/svm_rbf.png Graphic file (type png)

<use ./images/svm_rbf.png>
Package pdftex.def Info: ./images/svm_rbf.png used on input line 158.
(pdftex.def)             Requested size: 132.30666pt x 101.70059pt.


LaTeX Warning: `h' float specifier changed to `ht'.

<./images/rf_03.png, id=61, 667.49374pt x 384.43625pt>
File: ./images/rf_03.png Graphic file (type png)

<use ./images/rf_03.png>
Package pdftex.def Info: ./images/rf_03.png used on input line 169.
(pdftex.def)             Requested size: 198.45662pt x 114.29933pt.

<./images/rf_05.png, id=62, 667.49374pt x 384.43625pt>
File: ./images/rf_05.png Graphic file (type png)

<use ./images/rf_05.png>
Package pdftex.def Info: ./images/rf_05.png used on input line 170.
(pdftex.def)             Requested size: 198.45662pt x 114.29933pt.


LaTeX Warning: `h' float specifier changed to `ht'.

<./images/final_plot.png, id=63, 667.49374pt x 361.35pt>
File: ./images/final_plot.png Graphic file (type png)

<use ./images/final_plot.png>
Package pdftex.def Info: ./images/final_plot.png used on input line 183.
(pdftex.def)             Requested size: 352.8155pt x 191.0018pt.


LaTeX Warning: `h' float specifier changed to `ht'.

[3 <./images/rf_500_class.png> <./images/rf_1000_class.png> <./images/rf_2000_c
lass.png> <./images/kernel_1.png> <./images/kernel_10.png> <./images/kernel_100
.png>] [4 <./images/svm_linear.png> <./images/svm_poly.png> <./images/svm_rbf.p
ng> <./images/rf_03.png> <./images/rf_05.png> <./images/final_plot.png>]pdfTeX 
warning (ext4): destination with the same identifier (name{page.4}) has been al
ready used, duplicate ignored
<to be read again> 
                   \relax 
l.192 \end{document}
                     [4

]
Package atveryend Info: Empty hook `BeforeClearDocument' on input line 192.
Package atveryend Info: Empty hook `AfterLastShipout' on input line 192.
 (out/main.aux)
Package atveryend Info: Executing hook `AtVeryEndDocument' on input line 192.
Package atveryend Info: Executing hook `AtEndAfterFileList' on input line 192.
Package rerunfilecheck Info: File `main.out' has not changed.
(rerunfilecheck)             Checksum: C0CC6AAE1C0C4A71DC94A7B1A9DA4558;189.


LaTeX Warning: There were multiply-defined labels.

Package atveryend Info: Empty hook `AtVeryVeryEnd' on input line 192.
 ) 
Here is how much of TeX's memory you used:
 5235 strings out of 493013
 78469 string characters out of 6135682
 163107 words of memory out of 5000000
 8724 multiletter control sequences out of 15000+600000
 8198 words of font info for 29 fonts, out of 8000000 for 9000
 1141 hyphenation exceptions out of 8191
 28i,6n,28p,674b,379s stack positions out of 5000i,500n,10000p,200000b,80000s
</usr/share/texlive/texmf-dist/fonts/type1/public/amsfonts/cm/cmbx10.pfb></us
r/share/texlive/texmf-dist/fonts/type1/public/amsfonts/cm/cmbx12.pfb></usr/shar
e/texlive/texmf-dist/fonts/type1/public/amsfonts/cm/cmcsc10.pfb></usr/share/tex
live/texmf-dist/fonts/type1/public/amsfonts/cm/cmex10.pfb></usr/share/texlive/t
exmf-dist/fonts/type1/public/amsfonts/cm/cmmi12.pfb></usr/share/texlive/texmf-d
ist/fonts/type1/public/amsfonts/cm/cmmi8.pfb></usr/share/texlive/texmf-dist/fon
ts/type1/public/amsfonts/cm/cmr10.pfb></usr/share/texlive/texmf-dist/fonts/type
1/public/amsfonts/cm/cmr12.pfb></usr/share/texlive/texmf-dist/fonts/type1/publi
c/amsfonts/cm/cmr8.pfb></usr/share/texlive/texmf-dist/fonts/type1/public/amsfon
ts/cm/cmsy10.pfb>
Output written on out/main.pdf (5 pages, 2060446 bytes).
PDF statistics:
 130 PDF objects out of 1000 (max. 8388607)
 82 compressed objects within 1 object stream
 18 named destinations out of 1000 (max. 500000)
 108 words of extra memory for PDF output out of 10000 (max. 10000000)

