This is pdfTeX, Version 3.141592653-2.6-1.40.24 (TeX Live 2022/Homebrew) (preloaded format=pdflatex 2023.1.12)  9 MAY 2023 11:43
entering extended mode
 restricted \write18 enabled.
 file:line:error style messages enabled.
 %&-line parsing enabled.
**/Users/giacomocartechini/Desktop/Poli/SEM1_AY1/NAML/btc-price-prediction/project/report/main
(/Users/giacomocartechini/Desktop/Poli/SEM1_AY1/NAML/btc-price-prediction/project/report/main.tex
LaTeX2e <2021-11-15> patch level 1
L3 programming layer <2022-02-24> (/opt/homebrew/Cellar/texlive/20220321_4/share/texmf-dist/tex/latex/base/article.cls
Document Class: article 2021/10/04 v1.4n Standard LaTeX document class
(/opt/homebrew/Cellar/texlive/20220321_4/share/texmf-dist/tex/latex/base/size12.clo
File: size12.clo 2021/10/04 v1.4n Standard LaTeX file (size option)
)
\c@part=\count185
\c@section=\count186
\c@subsection=\count187
\c@subsubsection=\count188
\c@paragraph=\count189
\c@subparagraph=\count190
\c@figure=\count191
\c@table=\count192
\abovecaptionskip=\skip47
\belowcaptionskip=\skip48
\bibindent=\dimen138
) (/opt/homebrew/Cellar/texlive/20220321_4/share/texmf-dist/tex/latex/hyperref/hyperref.sty
Package: hyperref 2022-02-21 v7.00n Hypertext links for LaTeX
 (/opt/homebrew/Cellar/texlive/20220321_4/share/texmf-dist/tex/generic/ltxcmds/ltxcmds.sty
Package: ltxcmds 2020-05-10 v1.25 LaTeX kernel commands for general use (HO)
) (/opt/homebrew/Cellar/texlive/20220321_4/share/texmf-dist/tex/generic/iftex/iftex.sty
Package: iftex 2022/02/03 v1.0f TeX engine tests
) (/opt/homebrew/Cellar/texlive/20220321_4/share/texmf-dist/tex/generic/pdftexcmds/pdftexcmds.sty
Package: pdftexcmds 2020-06-27 v0.33 Utility functions of pdfTeX for LuaTeX (HO)
 (/opt/homebrew/Cellar/texlive/20220321_4/share/texmf-dist/tex/generic/infwarerr/infwarerr.sty
Package: infwarerr 2019/12/03 v1.5 Providing info/warning/error messages (HO)
)
Package pdftexcmds Info: \pdf@primitive is available.
Package pdftexcmds Info: \pdf@ifprimitive is available.
Package pdftexcmds Info: \pdfdraftmode found.
) (/opt/homebrew/Cellar/texlive/20220321_4/share/texmf-dist/tex/latex/graphics/keyval.sty
Package: keyval 2014/10/28 v1.15 key=value parser (DPC)
\KV@toks@=\toks16
) (/opt/homebrew/Cellar/texlive/20220321_4/share/texmf-dist/tex/generic/kvsetkeys/kvsetkeys.sty
Package: kvsetkeys 2019/12/15 v1.18 Key value parser (HO)
) (/opt/homebrew/Cellar/texlive/20220321_4/share/texmf-dist/tex/generic/kvdefinekeys/kvdefinekeys.sty
Package: kvdefinekeys 2019-12-19 v1.6 Define keys (HO)
) (/opt/homebrew/Cellar/texlive/20220321_4/share/texmf-dist/tex/generic/pdfescape/pdfescape.sty
Package: pdfescape 2019/12/09 v1.15 Implements pdfTeX's escape features (HO)
) (/opt/homebrew/Cellar/texlive/20220321_4/share/texmf-dist/tex/latex/hycolor/hycolor.sty
Package: hycolor 2020-01-27 v1.10 Color options for hyperref/bookmark (HO)
) (/opt/homebrew/Cellar/texlive/20220321_4/share/texmf-dist/tex/latex/letltxmacro/letltxmacro.sty
Package: letltxmacro 2019/12/03 v1.6 Let assignment for LaTeX macros (HO)
) (/opt/homebrew/Cellar/texlive/20220321_4/share/texmf-dist/tex/latex/auxhook/auxhook.sty
Package: auxhook 2019-12-17 v1.6 Hooks for auxiliary files (HO)
) (/opt/homebrew/Cellar/texlive/20220321_4/share/texmf-dist/tex/latex/kvoptions/kvoptions.sty
Package: kvoptions 2020-10-07 v3.14 Key value format for package options (HO)
)
\@linkdim=\dimen139
\Hy@linkcounter=\count193
\Hy@pagecounter=\count194
 (/opt/homebrew/Cellar/texlive/20220321_4/share/texmf-dist/tex/latex/hyperref/pd1enc.def
File: pd1enc.def 2022-02-21 v7.00n Hyperref: PDFDocEncoding definition (HO)
Now handling font encoding PD1 ...
... no UTF-8 mapping file for font encoding PD1
) (/opt/homebrew/Cellar/texlive/20220321_4/share/texmf-dist/tex/generic/intcalc/intcalc.sty
Package: intcalc 2019/12/15 v1.3 Expandable calculations with integers (HO)
) (/opt/homebrew/Cellar/texlive/20220321_4/share/texmf-dist/tex/generic/etexcmds/etexcmds.sty
Package: etexcmds 2019/12/15 v1.7 Avoid name clashes with e-TeX commands (HO)
)
\Hy@SavedSpaceFactor=\count195
 (/opt/homebrew/Cellar/texlive/20220321_4/share/texmf-dist/tex/latex/hyperref/puenc.def
File: puenc.def 2022-02-21 v7.00n Hyperref: PDF Unicode definition (HO)
Now handling font encoding PU ...
... no UTF-8 mapping file for font encoding PU
)
Package hyperref Info: Hyper figures OFF on input line 4137.
Package hyperref Info: Link nesting OFF on input line 4142.
Package hyperref Info: Hyper index ON on input line 4145.
Package hyperref Info: Plain pages OFF on input line 4152.
Package hyperref Info: Backreferencing OFF on input line 4157.
Package hyperref Info: Implicit mode ON; LaTeX internals redefined.
Package hyperref Info: Bookmarks ON on input line 4390.
\c@Hy@tempcnt=\count196
 (/opt/homebrew/Cellar/texlive/20220321_4/share/texmf-dist/tex/latex/url/url.sty
\Urlmuskip=\muskip16
Package: url 2013/09/16  ver 3.4  Verb mode for urls, etc.
)
LaTeX Info: Redefining \url on input line 4749.
\XeTeXLinkMargin=\dimen140
 (/opt/homebrew/Cellar/texlive/20220321_4/share/texmf-dist/tex/generic/bitset/bitset.sty
Package: bitset 2019/12/09 v1.3 Handle bit-vector datatype (HO)
 (/opt/homebrew/Cellar/texlive/20220321_4/share/texmf-dist/tex/generic/bigintcalc/bigintcalc.sty
Package: bigintcalc 2019/12/15 v1.5 Expandable calculations on big integers (HO)
))
\Fld@menulength=\count197
\Field@Width=\dimen141
\Fld@charsize=\dimen142
Package hyperref Info: Hyper figures OFF on input line 6027.
Package hyperref Info: Link nesting OFF on input line 6032.
Package hyperref Info: Hyper index ON on input line 6035.
Package hyperref Info: backreferencing OFF on input line 6042.
Package hyperref Info: Link coloring OFF on input line 6047.
Package hyperref Info: Link coloring with OCG OFF on input line 6052.
Package hyperref Info: PDF/A mode OFF on input line 6057.
LaTeX Info: Redefining \ref on input line 6097.
LaTeX Info: Redefining \pageref on input line 6101.
 (/opt/homebrew/Cellar/texlive/20220321_4/share/texmf-dist/tex/latex/base/atbegshi-ltx.sty
Package: atbegshi-ltx 2021/01/10 v1.0c Emulation of the original atbegshi
package with kernel methods
)
\Hy@abspage=\count198
\c@Item=\count199
\c@Hfootnote=\count266
)
Package hyperref Info: Driver (autodetected): hpdftex.
 (/opt/homebrew/Cellar/texlive/20220321_4/share/texmf-dist/tex/latex/hyperref/hpdftex.def
File: hpdftex.def 2022-02-21 v7.00n Hyperref driver for pdfTeX
 (/opt/homebrew/Cellar/texlive/20220321_4/share/texmf-dist/tex/latex/base/atveryend-ltx.sty
Package: atveryend-ltx 2020/08/19 v1.0a Emulation of the original atveryend package
with kernel methods
)
\Fld@listcount=\count267
\c@bookmark@seq@number=\count268
 (/opt/homebrew/Cellar/texlive/20220321_4/share/texmf-dist/tex/latex/rerunfilecheck/rerunfilecheck.sty
Package: rerunfilecheck 2019/12/05 v1.9 Rerun checks for auxiliary files (HO)
 (/opt/homebrew/Cellar/texlive/20220321_4/share/texmf-dist/tex/generic/uniquecounter/uniquecounter.sty
Package: uniquecounter 2019/12/15 v1.4 Provide unlimited unique counter (HO)
)
Package uniquecounter Info: New unique counter `rerunfilecheck' on input line 286.
)
\Hy@SectionHShift=\skip49
)
Package hyperref Info: Option `colorlinks' set `true' on input line 11.
 (/opt/homebrew/Cellar/texlive/20220321_4/share/texmf-dist/tex/latex/graphics/graphicx.sty
Package: graphicx 2021/09/16 v1.2d Enhanced LaTeX Graphics (DPC,SPQR)
 (/opt/homebrew/Cellar/texlive/20220321_4/share/texmf-dist/tex/latex/graphics/graphics.sty
Package: graphics 2021/03/04 v1.4d Standard LaTeX Graphics (DPC,SPQR)
 (/opt/homebrew/Cellar/texlive/20220321_4/share/texmf-dist/tex/latex/graphics/trig.sty
Package: trig 2021/08/11 v1.11 sin cos tan (DPC)
) (/opt/homebrew/Cellar/texlive/20220321_4/share/texmf-dist/tex/latex/graphics-cfg/graphics.cfg
File: graphics.cfg 2016/06/04 v1.11 sample graphics configuration
)
Package graphics Info: Driver file: pdftex.def on input line 107.
 (/opt/homebrew/Cellar/texlive/20220321_4/share/texmf-dist/tex/latex/graphics-def/pdftex.def
File: pdftex.def 2020/10/05 v1.2a Graphics/color driver for pdftex
))
\Gin@req@height=\dimen143
\Gin@req@width=\dimen144
) (/opt/homebrew/Cellar/texlive/20220321_4/share/texmf-dist/tex/latex/tools/afterpage.sty
Package: afterpage 2014/10/28 v1.08 After-Page Package (DPC)
\AP@output=\toks17
\AP@partial=\box50
\AP@footins=\box51
) (/opt/homebrew/Cellar/texlive/20220321_4/share/texmf-dist/tex/latex/l3backend/l3backend-pdftex.def
File: l3backend-pdftex.def 2022-02-07 L3 backend support: PDF output (pdfTeX)
\l__color_backend_stack_int=\count269
\l__pdf_internal_box=\box52
) (./main.aux

LaTeX Warning: Label `fig:linear_svm' multiply defined.


LaTeX Warning: Label `fig:random_forest' multiply defined.

)
\openout1 = `main.aux'.

LaTeX Font Info:    Checking defaults for OML/cmm/m/it on input line 39.
LaTeX Font Info:    ... okay on input line 39.
LaTeX Font Info:    Checking defaults for OMS/cmsy/m/n on input line 39.
LaTeX Font Info:    ... okay on input line 39.
LaTeX Font Info:    Checking defaults for OT1/cmr/m/n on input line 39.
LaTeX Font Info:    ... okay on input line 39.
LaTeX Font Info:    Checking defaults for T1/cmr/m/n on input line 39.
LaTeX Font Info:    ... okay on input line 39.
LaTeX Font Info:    Checking defaults for TS1/cmr/m/n on input line 39.
LaTeX Font Info:    ... okay on input line 39.
LaTeX Font Info:    Checking defaults for OMX/cmex/m/n on input line 39.
LaTeX Font Info:    ... okay on input line 39.
LaTeX Font Info:    Checking defaults for U/cmr/m/n on input line 39.
LaTeX Font Info:    ... okay on input line 39.
LaTeX Font Info:    Checking defaults for PD1/pdf/m/n on input line 39.
LaTeX Font Info:    ... okay on input line 39.
LaTeX Font Info:    Checking defaults for PU/pdf/m/n on input line 39.
LaTeX Font Info:    ... okay on input line 39.
 (/opt/homebrew/Cellar/texlive/20220321_4/share/texmf-dist/tex/latex/graphics/color.sty
Package: color 2021/12/07 v1.3c Standard LaTeX Color (DPC)
 (/opt/homebrew/Cellar/texlive/20220321_4/share/texmf-dist/tex/latex/graphics-cfg/color.cfg
File: color.cfg 2016/01/02 v1.6 sample color configuration
)
Package color Info: Driver file: pdftex.def on input line 149.
)
Package hyperref Info: Link coloring ON on input line 39.
 (/opt/homebrew/Cellar/texlive/20220321_4/share/texmf-dist/tex/latex/hyperref/nameref.sty
Package: nameref 2021-04-02 v2.47 Cross-referencing by name of section
 (/opt/homebrew/Cellar/texlive/20220321_4/share/texmf-dist/tex/latex/refcount/refcount.sty
Package: refcount 2019/12/15 v3.6 Data extraction from label references (HO)
) (/opt/homebrew/Cellar/texlive/20220321_4/share/texmf-dist/tex/generic/gettitlestring/gettitlestring.sty
Package: gettitlestring 2019/12/15 v1.6 Cleanup title references (HO)
)
\c@section@level=\count270
)
LaTeX Info: Redefining \ref on input line 39.
LaTeX Info: Redefining \pageref on input line 39.
LaTeX Info: Redefining \nameref on input line 39.
 (./main.out) (./main.out)
\@outlinefile=\write3
\openout3 = `main.out'.

 (/opt/homebrew/Cellar/texlive/20220321_4/share/texmf-dist/tex/context/base/mkii/supp-pdf.mkii
[Loading MPS to PDF converter (version 2006.09.02).]
\scratchcounter=\count271
\scratchdimen=\dimen145
\scratchbox=\box53
\nofMPsegments=\count272
\nofMParguments=\count273
\everyMPshowfont=\toks18
\MPscratchCnt=\count274
\MPscratchDim=\dimen146
\MPnumerator=\count275
\makeMPintoPDFobject=\count276
\everyMPtoPDFconversion=\toks19
) (/opt/homebrew/Cellar/texlive/20220321_4/share/texmf-dist/tex/latex/epstopdf-pkg/epstopdf-base.sty
Package: epstopdf-base 2020-01-24 v2.11 Base part for package epstopdf
Package epstopdf-base Info: Redefining graphics rule for `.eps' on input line 485.
 (/opt/homebrew/Cellar/texlive/20220321_4/share/texmf-dist/tex/latex/latexconfig/epstopdf-sys.cfg
File: epstopdf-sys.cfg 2010/07/13 v1.3 Configuration of (r)epstopdf for TeX Live
))
LaTeX Font Info:    External font `cmex10' loaded for size
(Font)              <12> on input line 62.
LaTeX Font Info:    External font `cmex10' loaded for size
(Font)              <8> on input line 62.
LaTeX Font Info:    External font `cmex10' loaded for size
(Font)              <6> on input line 62.

Overfull \hbox (24.58496pt too wide) in paragraph at lines 62--63
\OT1/cmr/m/n/12 We first gath-ered his-tor-i-cal data about Bit-coin from [][]$\OT1/cmtt/m/n/12 coinmarketcap . com$[][] \OT1/cmr/m/n/12 and [][]$\OT1/cmtt/m/n/12 coinmetrics .
 []

[1

{/opt/homebrew/Cellar/texlive/20220321_4/share/texmf-dist/fonts/map/pdftex/updmap/pdftex.map}]
<./images//linear_svm_class.png, id=34, 583.17876pt x 443.6575pt>
File: ./images//linear_svm_class.png Graphic file (type png)
<use ./images//linear_svm_class.png>
Package pdftex.def Info: ./images//linear_svm_class.png  used on input line 94.
(pdftex.def)             Requested size: 132.30666pt x 100.65129pt.
<./images//poly_svm_class.png, id=36, 583.17876pt x 443.6575pt>
File: ./images//poly_svm_class.png Graphic file (type png)
<use ./images//poly_svm_class.png>
Package pdftex.def Info: ./images//poly_svm_class.png  used on input line 95.
(pdftex.def)             Requested size: 132.30666pt x 100.65129pt.
<./images//rbf_svm_class.png, id=37, 583.17876pt x 443.6575pt>
File: ./images//rbf_svm_class.png Graphic file (type png)
<use ./images//rbf_svm_class.png>
Package pdftex.def Info: ./images//rbf_svm_class.png  used on input line 96.
(pdftex.def)             Requested size: 132.30666pt x 100.65129pt.
<./images//rf_500_class.png, id=38, 666.49pt x 392.46625pt>
File: ./images//rf_500_class.png Graphic file (type png)
<use ./images//rf_500_class.png>
Package pdftex.def Info: ./images//rf_500_class.png  used on input line 107.
(pdftex.def)             Requested size: 132.30666pt x 77.90497pt.
<./images//rf_1000_class.png, id=39, 666.49pt x 392.46625pt>
File: ./images//rf_1000_class.png Graphic file (type png)
<use ./images//rf_1000_class.png>
Package pdftex.def Info: ./images//rf_1000_class.png  used on input line 108.
(pdftex.def)             Requested size: 132.30666pt x 77.90497pt.
<./images//rf_2000_class.png, id=40, 666.49pt x 392.46625pt>
File: ./images//rf_2000_class.png Graphic file (type png)
<use ./images//rf_2000_class.png>
Package pdftex.def Info: ./images//rf_2000_class.png  used on input line 109.
(pdftex.def)             Requested size: 132.30666pt x 77.90497pt.
<./images//kernel_0.1.png, id=41, 634.37pt x 393.47pt>
File: ./images//kernel_0.1.png Graphic file (type png)
<use ./images//kernel_0.1.png>
Package pdftex.def Info: ./images//kernel_0.1.png  used on input line 125.
(pdftex.def)             Requested size: 198.45662pt x 123.09114pt.
<./images//kernel_1.png, id=42, 634.37pt x 393.47pt>
File: ./images//kernel_1.png Graphic file (type png)
<use ./images//kernel_1.png>
Package pdftex.def Info: ./images//kernel_1.png  used on input line 126.
(pdftex.def)             Requested size: 198.45662pt x 123.09114pt.
<./images//kernel_10.png, id=43, 634.37pt x 393.47pt>
File: ./images//kernel_10.png Graphic file (type png)
<use ./images//kernel_10.png>
Package pdftex.def Info: ./images//kernel_10.png  used on input line 127.
(pdftex.def)             Requested size: 198.45662pt x 123.09114pt.
<./images//kernel_100.png, id=44, 634.37pt x 393.47pt>
File: ./images//kernel_100.png Graphic file (type png)
<use ./images//kernel_100.png>
Package pdftex.def Info: ./images//kernel_100.png  used on input line 128.
(pdftex.def)             Requested size: 198.45662pt x 123.09114pt.


LaTeX Warning: `h' float specifier changed to `ht'.

<./images//svm_linear.png, id=45, 577.15625pt x 443.6575pt>
File: ./images//svm_linear.png Graphic file (type png)
<use ./images//svm_linear.png>
Package pdftex.def Info: ./images//svm_linear.png  used on input line 139.
(pdftex.def)             Requested size: 132.30666pt x 101.70059pt.
<./images//svm_poly.png, id=46, 577.15625pt x 443.6575pt>
File: ./images//svm_poly.png Graphic file (type png)
<use ./images//svm_poly.png>
Package pdftex.def Info: ./images//svm_poly.png  used on input line 140.
(pdftex.def)             Requested size: 132.30666pt x 101.70059pt.
<./images//svm_rbf.png, id=47, 577.15625pt x 443.6575pt>
File: ./images//svm_rbf.png Graphic file (type png)
<use ./images//svm_rbf.png>
Package pdftex.def Info: ./images//svm_rbf.png  used on input line 141.
(pdftex.def)             Requested size: 132.30666pt x 101.70059pt.

LaTeX Warning: `h' float specifier changed to `ht'.

<./images//rf_03.png, id=48, 667.49374pt x 384.43625pt>
File: ./images//rf_03.png Graphic file (type png)
<use ./images//rf_03.png>
Package pdftex.def Info: ./images//rf_03.png  used on input line 152.
(pdftex.def)             Requested size: 198.45662pt x 114.29933pt.
<./images//rf_05.png, id=49, 667.49374pt x 384.43625pt>
File: ./images//rf_05.png Graphic file (type png)
<use ./images//rf_05.png>
Package pdftex.def Info: ./images//rf_05.png  used on input line 153.
(pdftex.def)             Requested size: 198.45662pt x 114.29933pt.

LaTeX Warning: `h' float specifier changed to `ht'.

[2 <./images//linear_svm_class.png> <./images//poly_svm_class.png> <./images//rbf_svm_class.png> <./images//rf_500_class.png> <./images//rf_1000_class.png> <./images//rf_2000_class.png>]
<./images//final_plot.png, id=63, 667.49374pt x 361.35pt>
File: ./images//final_plot.png Graphic file (type png)
<use ./images//final_plot.png>
Package pdftex.def Info: ./images//final_plot.png  used on input line 166.
(pdftex.def)             Requested size: 352.8155pt x 191.0018pt.


LaTeX Warning: `h' float specifier changed to `ht'.

[3 <./images//kernel_0.1.png> <./images//kernel_1.png> <./images//kernel_10.png> <./images//kernel_100.png> <./images//svm_linear.png> <./images//svm_poly.png> <./images//svm_rbf.png>] [4 <./images//rf_03.png> <./images//rf_05.png> <./images//final_plot.png>]
pdfTeX warning (ext4): destination with the same identifier (name{page.4}) has been already used, duplicate ignored
<to be read again> 
                   \relax 
l.175 \end{document}
                     [4

] (./main.aux)

LaTeX Warning: There were multiply-defined labels.

Package rerunfilecheck Info: File `main.out' has not changed.
(rerunfilecheck)             Checksum: 6780D35A7FF2EF8FB3C30F7A7872E999;420.
 ) 
Here is how much of TeX's memory you used:
 8373 strings out of 478268
 137226 string characters out of 5835366
 423053 words of memory out of 5000000
 26482 multiletter control sequences out of 15000+600000
 473986 words of font info for 44 fonts, out of 8000000 for 9000
 1141 hyphenation exceptions out of 8191
 60i,6n,63p,777b,382s stack positions out of 10000i,1000n,20000p,200000b,200000s
</opt/homebrew/Cellar/texlive/20220321_4/share/texmf-dist/fonts/type1/public/amsfonts/cm/cmbx10.pfb></opt/homebrew/Cellar/texlive/20220321_4/share/texmf-dist/fonts/type1/public/amsfonts/cm/cmbx12.pfb></opt/homebrew/Cellar/texlive/20220321_4/share/texmf-dist/fonts/type1/public/amsfonts/cm/cmcsc10.pfb></opt/homebrew/Cellar/texlive/20220321_4/share/texmf-dist/fonts/type1/public/amsfonts/cm/cmmi12.pfb></opt/homebrew/Cellar/texlive/20220321_4/share/texmf-dist/fonts/type1/public/amsfonts/cm/cmr10.pfb></opt/homebrew/Cellar/texlive/20220321_4/share/texmf-dist/fonts/type1/public/amsfonts/cm/cmr12.pfb></opt/homebrew/Cellar/texlive/20220321_4/share/texmf-dist/fonts/type1/public/amsfonts/cm/cmtt12.pfb>
Output written on main.pdf (5 pages, 2109752 bytes).
PDF statistics:
 125 PDF objects out of 1000 (max. 8388607)
 71 compressed objects within 1 object stream
 15 named destinations out of 1000 (max. 500000)
 113 words of extra memory for PDF output out of 10000 (max. 10000000)

